This is pdfTeX, Version 3.141592653-2.6-1.40.22 (TeX Live 2022/dev/Debian) (preloaded format=pdflatex 2024.3.17)  20 AUG 2025 22:43
entering extended mode
 restricted \write18 enabled.
 %&-line parsing enabled.
**weciq_wcq_2025.tex
(./weciq_wcq_2025.tex
LaTeX2e <2021-11-15> patch level 1
L3 programming layer <2022-01-21> (./weciq.cls
Document Class: weciq 2024/01/20 by Joao Dias
(/usr/share/texlive/texmf-dist/tex/latex/base/inputenc.sty
Package: inputenc 2021/02/14 v1.3d Input encoding file
\inpenc@prehook=\toks16
\inpenc@posthook=\toks17
)
(/usr/share/texlive/texmf-dist/tex/latex/base/fontenc.sty
Package: fontenc 2021/04/29 v2.0v Standard LaTeX package
)
\@IEEEtrantmpdimenA=\dimen138
\@IEEEtrantmpdimenB=\dimen139
\@IEEEtrantmpcountA=\count185
\@IEEEtrantmpcountB=\count186
\@IEEEtrantmptoksA=\toks18
LaTeX Font Info:    Trying to load font information for T1+ptm on input line 15
8.

(/usr/share/texlive/texmf-dist/tex/latex/psnfss/t1ptm.fd
File: t1ptm.fd 2001/06/04 font definitions for T1/ptm.
)
-- This is a 10 point document.
\normalsizebaselineskip=\skip47
\normaljot=\skip48
LaTeX Font Info:    Font shape `T1/ptm/bx/n' in size <5> not available
(Font)              Font shape `T1/ptm/b/n' tried instead on input line 456.
LaTeX Font Info:    Font shape `T1/ptm/bx/it' in size <5> not available
(Font)              Font shape `T1/ptm/b/it' tried instead on input line 456.
LaTeX Font Info:    Font shape `T1/ptm/bx/n' in size <7> not available
(Font)              Font shape `T1/ptm/b/n' tried instead on input line 456.
LaTeX Font Info:    Font shape `T1/ptm/bx/it' in size <7> not available
(Font)              Font shape `T1/ptm/b/it' tried instead on input line 456.
LaTeX Font Info:    Font shape `T1/ptm/bx/n' in size <8> not available
(Font)              Font shape `T1/ptm/b/n' tried instead on input line 456.
LaTeX Font Info:    Font shape `T1/ptm/bx/it' in size <8> not available
(Font)              Font shape `T1/ptm/b/it' tried instead on input line 456.
LaTeX Font Info:    Font shape `T1/ptm/bx/n' in size <9> not available
(Font)              Font shape `T1/ptm/b/n' tried instead on input line 456.
LaTeX Font Info:    Font shape `T1/ptm/bx/it' in size <9> not available
(Font)              Font shape `T1/ptm/b/it' tried instead on input line 456.
LaTeX Font Info:    Font shape `T1/ptm/bx/n' in size <10> not available
(Font)              Font shape `T1/ptm/b/n' tried instead on input line 456.
LaTeX Font Info:    Font shape `T1/ptm/bx/it' in size <10> not available
(Font)              Font shape `T1/ptm/b/it' tried instead on input line 456.
LaTeX Font Info:    Font shape `T1/ptm/bx/n' in size <11> not available
(Font)              Font shape `T1/ptm/b/n' tried instead on input line 456.
LaTeX Font Info:    Font shape `T1/ptm/bx/it' in size <11> not available
(Font)              Font shape `T1/ptm/b/it' tried instead on input line 456.
LaTeX Font Info:    Font shape `T1/ptm/bx/n' in size <12> not available
(Font)              Font shape `T1/ptm/b/n' tried instead on input line 456.
LaTeX Font Info:    Font shape `T1/ptm/bx/it' in size <12> not available
(Font)              Font shape `T1/ptm/b/it' tried instead on input line 456.
LaTeX Font Info:    Font shape `T1/ptm/bx/n' in size <17> not available
(Font)              Font shape `T1/ptm/b/n' tried instead on input line 456.
LaTeX Font Info:    Font shape `T1/ptm/bx/it' in size <17> not available
(Font)              Font shape `T1/ptm/b/it' tried instead on input line 456.
LaTeX Font Info:    Font shape `T1/ptm/bx/n' in size <20> not available
(Font)              Font shape `T1/ptm/b/n' tried instead on input line 456.
LaTeX Font Info:    Font shape `T1/ptm/bx/it' in size <20> not available
(Font)              Font shape `T1/ptm/b/it' tried instead on input line 456.
LaTeX Font Info:    Font shape `T1/ptm/bx/n' in size <24> not available
(Font)              Font shape `T1/ptm/b/n' tried instead on input line 456.
LaTeX Font Info:    Font shape `T1/ptm/bx/it' in size <24> not available
(Font)              Font shape `T1/ptm/b/it' tried instead on input line 456.
\IEEEilabelindentA=\dimen140
\IEEEilabelindentB=\dimen141
\IEEEilabelindent=\dimen142
\IEEEelabelindent=\dimen143
\IEEEdlabelindent=\dimen144
\labelindent=\dimen145
\IEEEiednormlabelsep=\dimen146
\IEEEiedmathlabelsep=\dimen147
\IEEEiedtopsep=\skip49
\c@section=\count187
\c@subsection=\count188
\c@subsubsection=\count189
\c@paragraph=\count190
\c@IEEEsubequation=\count191
\abovecaptionskip=\skip50
\belowcaptionskip=\skip51
\c@figure=\count192
\c@table=\count193
\@IEEEeqnnumcols=\count194
\@IEEEeqncolcnt=\count195
\@IEEEtmpitemindent=\dimen148
\c@biography=\count196
\@IEEEtranrubishbin=\box50
) (/usr/share/texlive/texmf-dist/tex/generic/babel/babel.sty
Package: babel 2022/01/26 3.70 The Babel package
\babel@savecnt=\count197
\U@D=\dimen149
\l@unhyphenated=\language8

(/usr/share/texlive/texmf-dist/tex/generic/babel/txtbabel.def)
\bbl@readstream=\read2
\bbl@dirlevel=\count198

(/usr/share/texlive/texmf-dist/tex/generic/babel-english/english.ldf
Language: english 2017/06/06 v3.3r English support from the babel system
Package babel Info: Hyphen rules for 'british' set to \l@english
(babel)             (\language0). Reported on input line 82.
Package babel Info: Hyphen rules for 'UKenglish' set to \l@english
(babel)             (\language0). Reported on input line 83.
Package babel Info: Hyphen rules for 'canadian' set to \l@english
(babel)             (\language0). Reported on input line 102.
Package babel Info: Hyphen rules for 'australian' set to \l@english
(babel)             (\language0). Reported on input line 105.
Package babel Info: Hyphen rules for 'newzealand' set to \l@english
(babel)             (\language0). Reported on input line 108.
)
(/usr/share/texlive/texmf-dist/tex/generic/babel-portuges/brazil.ldf
Language: portuges 2021/07/09 v1.2t Portuguese support from the babel system
Package babel Info: Hyphen rules for 'brazil' set to \l@portuguese
(babel)             (\language6). Reported on input line 111.
Package babel Info: Making " an active character on input line 143.
))
(/usr/share/texlive/texmf-dist/tex/latex/amsmath/amsmath.sty
Package: amsmath 2021/10/15 v2.17l AMS math features
\@mathmargin=\skip52

For additional information on amsmath, use the `?' option.
(/usr/share/texlive/texmf-dist/tex/latex/amsmath/amstext.sty
Package: amstext 2021/08/26 v2.01 AMS text

(/usr/share/texlive/texmf-dist/tex/latex/amsmath/amsgen.sty
File: amsgen.sty 1999/11/30 v2.0 generic functions
\@emptytoks=\toks19
\ex@=\dimen150
))
(/usr/share/texlive/texmf-dist/tex/latex/amsmath/amsbsy.sty
Package: amsbsy 1999/11/29 v1.2d Bold Symbols
\pmbraise@=\dimen151
)
(/usr/share/texlive/texmf-dist/tex/latex/amsmath/amsopn.sty
Package: amsopn 2021/08/26 v2.02 operator names
)
\inf@bad=\count199
LaTeX Info: Redefining \frac on input line 234.
\uproot@=\count266
\leftroot@=\count267
LaTeX Info: Redefining \overline on input line 399.
\classnum@=\count268
\DOTSCASE@=\count269
LaTeX Info: Redefining \ldots on input line 496.
LaTeX Info: Redefining \dots on input line 499.
LaTeX Info: Redefining \cdots on input line 620.
\Mathstrutbox@=\box51
\strutbox@=\box52
\big@size=\dimen152
LaTeX Font Info:    Redeclaring font encoding OML on input line 743.
LaTeX Font Info:    Redeclaring font encoding OMS on input line 744.
\macc@depth=\count270
\c@MaxMatrixCols=\count271
\dotsspace@=\muskip16
\c@parentequation=\count272
\dspbrk@lvl=\count273
\tag@help=\toks20
\row@=\count274
\column@=\count275
\maxfields@=\count276
\andhelp@=\toks21
\eqnshift@=\dimen153
\alignsep@=\dimen154
\tagshift@=\dimen155
\tagwidth@=\dimen156
\totwidth@=\dimen157
\lineht@=\dimen158
\@envbody=\toks22
\multlinegap=\skip53
\multlinetaggap=\skip54
\mathdisplay@stack=\toks23
LaTeX Info: Redefining \[ on input line 2938.
LaTeX Info: Redefining \] on input line 2939.
)
(/usr/share/texlive/texmf-dist/tex/latex/graphics/graphicx.sty
Package: graphicx 2021/09/16 v1.2d Enhanced LaTeX Graphics (DPC,SPQR)

(/usr/share/texlive/texmf-dist/tex/latex/graphics/keyval.sty
Package: keyval 2014/10/28 v1.15 key=value parser (DPC)
\KV@toks@=\toks24
)
(/usr/share/texlive/texmf-dist/tex/latex/graphics/graphics.sty
Package: graphics 2021/03/04 v1.4d Standard LaTeX Graphics (DPC,SPQR)

(/usr/share/texlive/texmf-dist/tex/latex/graphics/trig.sty
Package: trig 2021/08/11 v1.11 sin cos tan (DPC)
)
(/usr/share/texlive/texmf-dist/tex/latex/graphics-cfg/graphics.cfg
File: graphics.cfg 2016/06/04 v1.11 sample graphics configuration
)
Package graphics Info: Driver file: pdftex.def on input line 107.

(/usr/share/texlive/texmf-dist/tex/latex/graphics-def/pdftex.def
File: pdftex.def 2020/10/05 v1.2a Graphics/color driver for pdftex
))
\Gin@req@height=\dimen159
\Gin@req@width=\dimen160
)
(/usr/share/texlive/texmf-dist/tex/latex/threeparttable/threeparttable.sty
Package: threeparttable 2003/06/13  v 3.0
\@tempboxb=\box53
)
(/usr/share/texlive/texmf-dist/tex/latex/etoolbox/etoolbox.sty
Package: etoolbox 2020/10/05 v2.5k e-TeX tools for LaTeX (JAW)
\etb@tempcnta=\count277
)
\c@theorem=\count278

(/usr/share/texlive/texmf-dist/tex/latex/l3backend/l3backend-pdftex.def
File: l3backend-pdftex.def 2022-01-12 L3 backend support: PDF output (pdfTeX)
\l__color_backend_stack_int=\count279
\l__pdf_internal_box=\box54
)
(./weciq_wcq_2025.aux)
\openout1 = `weciq_wcq_2025.aux'.

LaTeX Font Info:    Checking defaults for OML/cmm/m/it on input line 26.
LaTeX Font Info:    ... okay on input line 26.
LaTeX Font Info:    Checking defaults for OMS/cmsy/m/n on input line 26.
LaTeX Font Info:    ... okay on input line 26.
LaTeX Font Info:    Checking defaults for OT1/cmr/m/n on input line 26.
LaTeX Font Info:    ... okay on input line 26.
LaTeX Font Info:    Checking defaults for T1/cmr/m/n on input line 26.
LaTeX Font Info:    ... okay on input line 26.
LaTeX Font Info:    Checking defaults for TS1/cmr/m/n on input line 26.
LaTeX Font Info:    ... okay on input line 26.
LaTeX Font Info:    Checking defaults for OMX/cmex/m/n on input line 26.
LaTeX Font Info:    ... okay on input line 26.
LaTeX Font Info:    Checking defaults for U/cmr/m/n on input line 26.
LaTeX Font Info:    ... okay on input line 26.

(/usr/share/texlive/texmf-dist/tex/context/base/mkii/supp-pdf.mkii
[Loading MPS to PDF converter (version 2006.09.02).]
\scratchcounter=\count280
\scratchdimen=\dimen161
\scratchbox=\box55
\nofMPsegments=\count281
\nofMParguments=\count282
\everyMPshowfont=\toks25
\MPscratchCnt=\count283
\MPscratchDim=\dimen162
\MPnumerator=\count284
\makeMPintoPDFobject=\count285
\everyMPtoPDFconversion=\toks26
) (/usr/share/texlive/texmf-dist/tex/latex/epstopdf-pkg/epstopdf-base.sty
Package: epstopdf-base 2020-01-24 v2.11 Base part for package epstopdf
Package epstopdf-base Info: Redefining graphics rule for `.eps' on input line 4
85.

(/usr/share/texlive/texmf-dist/tex/latex/latexconfig/epstopdf-sys.cfg
File: epstopdf-sys.cfg 2010/07/13 v1.3 Configuration of (r)epstopdf for TeX Liv
e
))
LaTeX Font Info:    Trying to load font information for TS1+ptm on input line 7
0.

(/usr/share/texlive/texmf-dist/tex/latex/psnfss/ts1ptm.fd
File: ts1ptm.fd 2001/06/04 font definitions for TS1/ptm.
)
Overfull \hbox (3.99857pt too wide) detected at line 99
[]
 []

[1{/var/lib/texmf/fonts/map/pdftex/updmap/pdftex.map}


]
LaTeX Font Info:    Trying to load font information for T1+pcr on input line 12
0.

(/usr/share/texlive/texmf-dist/tex/latex/psnfss/t1pcr.fd
File: t1pcr.fd 2001/06/04 font definitions for T1/pcr.
)
<iteracoes.png, id=20, 714.0276pt x 424.9476pt>
File: iteracoes.png Graphic file (type png)
<use iteracoes.png>
Package pdftex.def Info: iteracoes.png  used on input line 132.
(pdftex.def)             Requested size: 239.39923pt x 142.47665pt.
<trajetoria.png, id=22, 609.7179pt x 424.4658pt>
File: trajetoria.png Graphic file (type png)
<use trajetoria.png>
Package pdftex.def Info: trajetoria.png  used on input line 138.
(pdftex.def)             Requested size: 239.39923pt x 166.66148pt.
<grid_visualization_default_2x3_3turbinas_20250810_144135.png, id=23, 570.6921p
t x 450.483pt>
File: grid_visualization_default_2x3_3turbinas_20250810_144135.png Graphic file
 (type png)
<use grid_visualization_default_2x3_3turbinas_20250810_144135.png>
Package pdftex.def Info: grid_visualization_default_2x3_3turbinas_20250810_1441
35.png  used on input line 147.
(pdftex.def)             Requested size: 214.20154pt x 169.08192pt.
<grid_visualization_temp_3x3_p2_rhobeg0.5_rep2_3x3_3turbinas_20250820_205303.pn
g, id=24, 388.3308pt x 424.9476pt>
File: grid_visualization_temp_3x3_p2_rhobeg0.5_rep2_3x3_3turbinas_20250820_2053
03.png Graphic file (type png)
<use grid_visualization_temp_3x3_p2_rhobeg0.5_rep2_3x3_3turbinas_20250820_20530
3.png>
Package pdftex.def Info: grid_visualization_temp_3x3_p2_rhobeg0.5_rep2_3x3_3tur
binas_20250820_205303.png  used on input line 153.
(pdftex.def)             Requested size: 214.20154pt x 234.39624pt.
<grid_visualization_4x4_4x4_8turbinas_20250810_124433.png, id=25, 388.5717pt x 
424.9476pt>
File: grid_visualization_4x4_4x4_8turbinas_20250810_124433.png Graphic file (ty
pe png)
<use grid_visualization_4x4_4x4_8turbinas_20250810_124433.png>
Package pdftex.def Info: grid_visualization_4x4_4x4_8turbinas_20250810_124433.p
ng  used on input line 159.
(pdftex.def)             Requested size: 214.20154pt x 234.25359pt.


LaTeX Warning: `!h' float specifier changed to `!ht'.

[2 <./iteracoes.png>]
<quantum_circuit_3x3_9qubits_2layers_20250813_095137.png, id=34, 2160.1503pt x 
544.434pt>
File: quantum_circuit_3x3_9qubits_2layers_20250813_095137.png Graphic file (typ
e png)
<use quantum_circuit_3x3_9qubits_2layers_20250813_095137.png>
Package pdftex.def Info: quantum_circuit_3x3_9qubits_2layers_20250813_095137.pn
g  used on input line 260.
(pdftex.def)             Requested size: 490.19843pt x 123.5474pt.
 [3 <./trajetoria.png> <./grid_visualization_default_2x3_3turbinas_20250810_144
135.png> <./grid_visualization_temp_3x3_p2_rhobeg0.5_rep2_3x3_3turbinas_2025082
0_205303.png> <./grid_visualization_4x4_4x4_8turbinas_20250810_124433.png>]
Underfull \vbox (badness 3039) has occurred while \output is active []

 [4]
Underfull \hbox (badness 7667) in paragraph at lines 301--302
[]\T1/ptm/m/n/8 International Re-newa-ble Energy Agency (IRENA), ``Re-newa-ble
 []


Underfull \hbox (badness 10000) in paragraph at lines 301--302
\T1/ptm/m/n/8 Power Ge-ne-ra-tion Costs in 2017,'' 2018. Dis-po-ní-vel em:
 []


Underfull \hbox (badness 10000) in paragraph at lines 301--302
\T1/ptm/m/n/8 https://www.irena.org/publications/2018/Jan/Renewable-power-
 []

[5 <./quantum_circuit_3x3_9qubits_2layers_20250813_095137.png>]
(./weciq_wcq_2025.aux) ) 
Here is how much of TeX's memory you used:
 4316 strings out of 480154
 69097 string characters out of 5893788
 414609 words of memory out of 5000000
 22219 multiletter control sequences out of 15000+600000
 568991 words of font info for 111 fonts, out of 8000000 for 9000
 61 hyphenation exceptions out of 8191
 55i,12n,62p,876b,276s stack positions out of 5000i,500n,10000p,200000b,80000s
{/usr/share/texlive/texmf-dist/fonts/enc/dvips/base/8r.
enc}</usr/share/texlive/texmf-dist/fonts/type1/public/amsfonts/cm/cmex10.pfb></
usr/share/texlive/texmf-dist/fonts/type1/public/amsfonts/cm/cmmi10.pfb></usr/sh
are/texlive/texmf-dist/fonts/type1/public/amsfonts/cm/cmmi5.pfb></usr/share/tex
live/texmf-dist/fonts/type1/public/amsfonts/cm/cmmi6.pfb></usr/share/texlive/te
xmf-dist/fonts/type1/public/amsfonts/cm/cmmi7.pfb></usr/share/texlive/texmf-dis
t/fonts/type1/public/amsfonts/cm/cmmi8.pfb></usr/share/texlive/texmf-dist/fonts
/type1/public/amsfonts/cm/cmmib10.pfb></usr/share/texlive/texmf-dist/fonts/type
1/public/amsfonts/cm/cmr10.pfb></usr/share/texlive/texmf-dist/fonts/type1/publi
c/amsfonts/cm/cmr7.pfb></usr/share/texlive/texmf-dist/fonts/type1/public/amsfon
ts/cm/cmr8.pfb></usr/share/texlive/texmf-dist/fonts/type1/public/amsfonts/cm/cm
r9.pfb></usr/share/texlive/texmf-dist/fonts/type1/public/amsfonts/cm/cmsy10.pfb
></usr/share/texlive/texmf-dist/fonts/type1/public/amsfonts/cm/cmsy7.pfb></usr/
share/texlive/texmf-dist/fonts/type1/public/amsfonts/cm/cmsy9.pfb></usr/share/t
exlive/texmf-dist/fonts/type1/urw/courier/ucrr8a.pfb></usr/share/texlive/texmf-
dist/fonts/type1/urw/times/utmb8a.pfb></usr/share/texlive/texmf-dist/fonts/type
1/urw/times/utmbi8a.pfb></usr/share/texlive/texmf-dist/fonts/type1/urw/times/ut
mr8a.pfb></usr/share/texlive/texmf-dist/fonts/type1/urw/times/utmri8a.pfb>
Output written on weciq_wcq_2025.pdf (5 pages, 1308770 bytes).
PDF statistics:
 129 PDF objects out of 1000 (max. 8388607)
 71 compressed objects within 1 object stream
 0 named destinations out of 1000 (max. 500000)
 31 words of extra memory for PDF output out of 10000 (max. 10000000)

